#
# There is insufficient memory for the Java Runtime Environment to continue.
# Native memory allocation (mmap) failed to map 264241152 bytes. Error detail: G1 virtual space
# Possible reasons:
#   The system is out of physical RAM or swap space
#   This process is running with CompressedOops enabled, and the Java Heap may be blocking the growth of the native heap
# Possible solutions:
#   Reduce memory load on the system
#   Increase physical memory or swap space
#   Check if swap backing store is full
#   Decrease Java heap size (-Xmx/-Xms)
#   Decrease number of Java threads
#   Decrease Java thread stack sizes (-Xss)
#   Set larger code cache with -XX:ReservedCodeCacheSize=
#   JVM is running with Zero Based Compressed Oops mode in which the Java heap is
#     placed in the first 32GB address space. The Java Heap base address is the
#     maximum limit for the native heap growth. Please use -XX:HeapBaseMinAddress
#     to set the Java Heap base and to place the Java Heap above 32GB virtual address.
# This output file may be truncated or incomplete.
#
#  Out of Memory Error (os_windows.cpp:3631), pid=15340, tid=472
#
# JRE version:  (22.0.1+8) (build )
# Java VM: OpenJDK 64-Bit Server VM (22.0.1+8-16, mixed mode, sharing, tiered, compressed oops, compressed class ptrs, g1 gc, windows-amd64)
# No core dump will be written. Minidumps are not enabled by default on client versions of Windows
#

---------------  S U M M A R Y ------------

Command Line: -ea -Didea.test.cyclic.buffer.size=1048576 -javaagent:D:\My programs\IntelliJ IDEA 2024.1\lib\idea_rt.jar=52402:D:\My programs\IntelliJ IDEA 2024.1\bin -Dfile.encoding=UTF-8 -Dsun.stdout.encoding=UTF-8 -Dsun.stderr.encoding=UTF-8 com.intellij.rt.junit.JUnitStarter -ideVersion5 -junit5 software.project.DataTest,testDataIn

Host: 11th Gen Intel(R) Core(TM) i7-1185G7 @ 3.00GHz, 8 cores, 15G,  Windows 11 , 64 bit Build 22621 (10.0.22621.3374)
Time: Sat Apr 27 18:30:32 2024 Eastern Daylight Time elapsed time: 0.013409 seconds (0d 0h 0m 0s)

---------------  T H R E A D  ---------------

Current thread (0x000002966a6d5f80):  JavaThread "Unknown thread" [_thread_in_vm, id=472, stack(0x000000aa48f00000,0x000000aa49000000) (1024K)]

Stack: [0x000000aa48f00000,0x000000aa49000000]
Native frames: (J=compiled Java code, j=interpreted, Vv=VM code, C=native code)
V  [jvm.dll+0x6e2279]  (no source info available)
V  [jvm.dll+0x874e33]  (no source info available)
V  [jvm.dll+0x87725e]  (no source info available)
V  [jvm.dll+0x877933]  (no source info available)
V  [jvm.dll+0x27fd76]  (no source info available)
V  [jvm.dll+0x6de915]  (no source info available)
V  [jvm.dll+0x6d341a]  (no source info available)
V  [jvm.dll+0x3589da]  (no source info available)
V  [jvm.dll+0x360f06]  (no source info available)
V  [jvm.dll+0x3b3e2e]  (no source info available)
V  [jvm.dll+0x3b40d8]  (no source info available)
V  [jvm.dll+0x32c59c]  (no source info available)
V  [jvm.dll+0x32d158]  (no source info available)
V  [jvm.dll+0x83ccdc]  (no source info available)
V  [jvm.dll+0x3c0d71]  (no source info available)
V  [jvm.dll+0x825ccc]  (no source info available)
V  [jvm.dll+0x45b8fe]  (no source info available)
V  [jvm.dll+0x45d781]  (no source info available)
C  [jli.dll+0x52a3]  (no source info available)
C  [ucrtbase.dll+0x29333]  (no source info available)
C  [KERNEL32.DLL+0x1257d]  (no source info available)
C  [ntdll.dll+0x5aa48]  (no source info available)


---------------  P R O C E S S  ---------------

Threads class SMR info:
_java_thread_list=0x00007fffa647b1c8, length=0, elements={
}

Java Threads: ( => current thread )
Total: 0

Other Threads:
  0x000002966a73c3b0 WorkerThread "GC Thread#0"                     [id=22284, stack(0x000000aa49000000,0x000000aa49100000) (1024K)]
  0x000002966a74d010 ConcurrentGCThread "G1 Main Marker"            [id=21316, stack(0x000000aa49100000,0x000000aa49200000) (1024K)]
  0x000002966a74da20 WorkerThread "G1 Conc#0"                       [id=9524, stack(0x000000aa49200000,0x000000aa49300000) (1024K)]

[error occurred during error reporting (printing all threads), id 0xc0000005, EXCEPTION_ACCESS_VIOLATION (0xc0000005) at pc=0x00007fffa5bcf367]
VM state: not at safepoint (not fully initialized)

VM Mutex/Monitor currently owned by a thread:  ([mutex/lock_event])
[0x00007fffa64fbcb8] Heap_lock - owner thread: 0x000002966a6d5f80

Heap address: 0x0000000704400000, size: 4028 MB, Compressed Oops mode: Zero based, Oop shift amount: 3

CDS archive(s) mapped at: [0x0000000000000000-0x0000000000000000-0x0000000000000000), size 0, SharedBaseAddress: 0x0000000800000000, ArchiveRelocationMode: 1.
Narrow klass base: 0x0000000000000000, Narrow klass shift: 0, Narrow klass range: 0x0

GC Precious Log:
 CardTable entry size: 512
 Card Set container configuration: InlinePtr #cards 4 size 8 Array Of Cards #cards 16 size 48 Howl #buckets 8 coarsen threshold 3686 Howl Bitmap #cards 512 size 80 coarsen threshold 460 Card regions per heap region 1 cards per card region 4096

Heap:
 garbage-first heap   total reserved 4124672K, committed 0K, used 0K [0x0000000704400000, 0x0000000800000000)
  region size 2048K, 0 young (0K), 0 survivors (0K)

[error occurred during error reporting (printing heap information), id 0xc0000005, EXCEPTION_ACCESS_VIOLATION (0xc0000005) at pc=0x00007fffa5fce429]
GC Heap History (0 events):
No events

Dll operation events (1 events):
Event: 0.009 Loaded shared library C:\Users\AUC\.jdks\openjdk-22.0.1\bin\java.dll

Deoptimization events (0 events):
No events

Classes loaded (0 events):
No events

Classes unloaded (0 events):
No events

Classes redefined (0 events):
No events

Internal exceptions (0 events):
No events

ZGC Phase Switch (0 events):
No events

VM Operations (0 events):
No events

Events (0 events):
No events


Dynamic libraries:
0x00007ff6d4850000 - 0x00007ff6d485e000 	C:\Users\AUC\.jdks\openjdk-22.0.1\bin\java.exe
0x00007ff8323d0000 - 0x00007ff8325e6000 	C:\WINDOWS\SYSTEM32\ntdll.dll
0x00007ff8303b0000 - 0x00007ff830474000 	C:\WINDOWS\System32\KERNEL32.DLL
0x00007ff82f7b0000 - 0x00007ff82fb57000 	C:\WINDOWS\System32\KERNELBASE.dll
0x00007ff82fc30000 - 0x00007ff82fd41000 	C:\WINDOWS\System32\ucrtbase.dll
0x00007ffffdbe0000 - 0x00007ffffdbf7000 	C:\Users\AUC\.jdks\openjdk-22.0.1\bin\jli.dll
0x00007ffffdb80000 - 0x00007ffffdb9b000 	C:\Users\AUC\.jdks\openjdk-22.0.1\bin\VCRUNTIME140.dll
0x00007ff830e90000 - 0x00007ff83103e000 	C:\WINDOWS\System32\USER32.dll
0x00007ff82ffb0000 - 0x00007ff82ffd6000 	C:\WINDOWS\System32\win32u.dll
0x00007ff830290000 - 0x00007ff8302b9000 	C:\WINDOWS\System32\GDI32.dll
0x00007ff82ffe0000 - 0x00007ff8300f9000 	C:\WINDOWS\System32\gdi32full.dll
0x00007ff82fb90000 - 0x00007ff82fc2a000 	C:\WINDOWS\System32\msvcp_win.dll
0x00007ffffc030000 - 0x00007ffffc2c3000 	C:\WINDOWS\WinSxS\amd64_microsoft.windows.common-controls_6595b64144ccf1df_6.0.22621.3235_none_270f74e173860f98\COMCTL32.dll
0x00007ff8320d0000 - 0x00007ff832177000 	C:\WINDOWS\System32\msvcrt.dll
0x00007ff832010000 - 0x00007ff832041000 	C:\WINDOWS\System32\IMM32.DLL
0x00007ff816150000 - 0x00007ff81615c000 	C:\Users\AUC\.jdks\openjdk-22.0.1\bin\vcruntime140_1.dll
0x00007fffe1110000 - 0x00007fffe119e000 	C:\Users\AUC\.jdks\openjdk-22.0.1\bin\msvcp140.dll
0x00007fffa5890000 - 0x00007fffa65d7000 	C:\Users\AUC\.jdks\openjdk-22.0.1\bin\server\jvm.dll
0x00007ff831f50000 - 0x00007ff832002000 	C:\WINDOWS\System32\ADVAPI32.dll
0x00007ff8313e0000 - 0x00007ff831488000 	C:\WINDOWS\System32\sechost.dll
0x00007ff82fb60000 - 0x00007ff82fb88000 	C:\WINDOWS\System32\bcrypt.dll
0x00007ff831490000 - 0x00007ff8315a5000 	C:\WINDOWS\System32\RPCRT4.dll
0x00007ff832050000 - 0x00007ff8320c1000 	C:\WINDOWS\System32\WS2_32.dll
0x00007ff82e590000 - 0x00007ff82e5dd000 	C:\WINDOWS\SYSTEM32\POWRPROF.dll
0x00007ff8241f0000 - 0x00007ff824224000 	C:\WINDOWS\SYSTEM32\WINMM.dll
0x00007ff82a370000 - 0x00007ff82a37a000 	C:\WINDOWS\SYSTEM32\VERSION.dll
0x00007ff82e570000 - 0x00007ff82e583000 	C:\WINDOWS\SYSTEM32\UMPDC.dll
0x00007ff82e820000 - 0x00007ff82e838000 	C:\WINDOWS\SYSTEM32\kernel.appcore.dll
0x00007ff813c90000 - 0x00007ff813c9a000 	C:\Users\AUC\.jdks\openjdk-22.0.1\bin\jimage.dll
0x00007ff82ce70000 - 0x00007ff82d0a3000 	C:\WINDOWS\SYSTEM32\DBGHELP.DLL
0x00007ff831a30000 - 0x00007ff831db8000 	C:\WINDOWS\System32\combase.dll
0x00007ff830db0000 - 0x00007ff830e87000 	C:\WINDOWS\System32\OLEAUT32.dll
0x00007ff81fbd0000 - 0x00007ff81fc02000 	C:\WINDOWS\SYSTEM32\dbgcore.DLL
0x00007ff82fd50000 - 0x00007ff82fdc9000 	C:\WINDOWS\System32\bcryptPrimitives.dll
0x00007ff8017b0000 - 0x00007ff8017bf000 	C:\Users\AUC\.jdks\openjdk-22.0.1\bin\instrument.dll
0x00007ffffd070000 - 0x00007ffffd08e000 	C:\Users\AUC\.jdks\openjdk-22.0.1\bin\java.dll
0x00007ff8304a0000 - 0x00007ff830cfc000 	C:\WINDOWS\System32\SHELL32.dll
0x00007ff8311b0000 - 0x00007ff831355000 	C:\WINDOWS\System32\ole32.dll

dbghelp: loaded successfully - version: 4.0.5 - missing functions: none
symbol engine: initialized successfully - sym options: 0x614 - pdb path: .;C:\Users\AUC\.jdks\openjdk-22.0.1\bin;C:\WINDOWS\SYSTEM32;C:\WINDOWS\WinSxS\amd64_microsoft.windows.common-controls_6595b64144ccf1df_6.0.22621.3235_none_270f74e173860f98;C:\Users\AUC\.jdks\openjdk-22.0.1\bin\server

VM Arguments:
jvm_args: -ea -Didea.test.cyclic.buffer.size=1048576 -javaagent:D:\My programs\IntelliJ IDEA 2024.1\lib\idea_rt.jar=52402:D:\My programs\IntelliJ IDEA 2024.1\bin -Dfile.encoding=UTF-8 -Dsun.stdout.encoding=UTF-8 -Dsun.stderr.encoding=UTF-8 
java_command: com.intellij.rt.junit.JUnitStarter -ideVersion5 -junit5 software.project.DataTest,testDataIn
java_class_path (initial): C:\Users\AUC\.m2\repository\org\junit\platform\junit-platform-launcher\1.8.2\junit-platform-launcher-1.8.2.jar;C:\Users\AUC\.m2\repository\org\junit\platform\junit-platform-engine\1.8.2\junit-platform-engine-1.8.2.jar;C:\Users\AUC\.m2\repository\org\opentest4j\opentest4j\1.2.0\opentest4j-1.2.0.jar;C:\Users\AUC\.m2\repository\org\junit\platform\junit-platform-commons\1.8.2\junit-platform-commons-1.8.2.jar;C:\Users\AUC\.m2\repository\org\apiguardian\apiguardian-api\1.1.2\apiguardian-api-1.1.2.jar;C:\Users\AUC\.m2\repository\org\junit\vintage\junit-vintage-engine\5.8.2\junit-vintage-engine-5.8.2.jar;D:\My programs\IntelliJ IDEA 2024.1\lib\idea_rt.jar;D:\My programs\IntelliJ IDEA 2024.1\plugins\junit\lib\junit5-rt.jar;D:\My programs\IntelliJ IDEA 2024.1\plugins\junit\lib\junit-rt.jar;D:\SoftwareEngineeringProject\build\classes\java\test;D:\SoftwareEngineeringProject\build\classes\java\main;C:\Users\AUC\.gradle\caches\modules-2\files-2.1\io.grpc\grpc-services\1.59.1\c40b642d33c9ada8451ca5701863ce8d6214e92\grpc-services-1.59.1.jar;C:\Users\AUC\.gradle\caches\modules-2\files-2.1\io.grpc\grpc-protobuf\1.59.1\c5cf8c7f94eb83bca069889f25a0c4112d715365\grpc-protobuf-1.59.1.jar;C:\Users\AUC\.gradle\caches\modules-2\files-2.1\io.grpc\grpc-testing\1.59.1\29595864b59f41b73bc19d737bff4c5aa283b137\grpc-testing-1.59.1.jar;C:\Users\AUC\.gradle\caches\modules-2\files-2.1\io.grpc\grpc-stub\1.59.1\7d29780f48086e00ae371751d2d453a837540e2f\grpc-stub-1.59.1.jar;C:\Users\AUC\.gradle\caches\modules-2\files-2.1\io.grpc\grpc-inprocess\1.59.1\33f031b64a114ba496f74431cc5c3ff4b7174c5b\grpc-inprocess-1.59.1.jar;C:\Users\AUC\.gradle\caches\modules-2\files-2.1\junit\junit\4.13.2\8ac9e16d933b6fb43bc7f576336b8f4d7eb5ba12\junit-4.13.2.jar;C:\Users\AUC\.gradle\caches\modules-2\files-2.1\org.junit.jupiter\junit-jupiter\5.8.2\5a817b1e63f1217e5c586090c45e681281f097ad\junit-jupiter-5.8.2.jar;C:\Users\AUC\.gradle\caches\modules-2\files-2.1\org.mockito\mockito-core\5.10.0\b3812fa2ee069f1d0b41c1c0155da79d0e1dcde0\mockito-core-5.10.0.jar;C:\Users\AUC\.gradle\caches\modules-2\files-2.1\io.grpc\grpc-util\1.59.1\1ab8cc9de5a85a97312903102d82f90fe2e18083\grpc-util-1.59.1.jar;C:\Users\AUC\.gradle\caches\modules-2\files-2.1\io.grpc\grpc-protobuf-lite\1.59.1\d08f76893dd446d66f8bc7025237150443a38291\grpc-protobuf-lite-1.59.1.jar;C:\Users\AUC\.gradle\caches\modules-2\files-2.1\io.grpc\grpc-api\1.59.1\fb57dd0097c792e97afb186f09c47c8c2b9598cc\grpc-api-1.59.1.jar;C:\Users\AUC\.gradle\caches\modules-2\files-2.1\com.google.code.findbugs\jsr305\3.0.2\25ea2e8b0c338a877313bd4672d3fe056ea78f0d\jsr305-3.0.2.jar;C:\Users\AUC\.gradle\caches\modules-2\files-2.1\com.google.api.grpc\proto-google-common-protos\2.22.0\627126f6a05085dab0caba68dcdad118512975ef\proto-google-common-protos-2.22.0.jar;C:\Users\AUC\.gradle\caches\modules-2\files-2.1\com.google.protobuf\protobuf-java\3.24.0\850a0efbee73911b2c30fa2238a549244524d31e\protobuf-java-3.24.0.jar;C:\Users\AUC\.gradle\caches\modules-2\files-2.1\com.google.guava\guava\32.0.1-android\d3fe54a75aeaca33fc562a2a9c1dc181e54cc5e9\guava-32.0.1-android.jar;C:\Users\AUC\.gradle\caches\modules-2\files-2.1\io.grpc\grpc-core\1.59.1\88fef1ad68a4571ef443e9c0ac6355c0bd89647e\grpc-core-1.59.1.jar;C:\Users\AUC\.gradle\caches\modules-2\files-2.1\org.hamcrest\hamcrest-core\1.3\42a25dc3219429f0e5d060061f71acb49bf010a0\hamcrest-core-1.3.jar;C:\Users\AUC\.gradle\caches\modules-2\files-2.1\org.junit.jupiter\junit-jupiter-params\5.8.2\ddeafe92fc263f895bfb73ffeca7fd56e23c2cce\junit-jupiter-params-5.8.2.jar;C:\Users\AUC\.gradle\caches\modules-2\files-2.1\org.junit.jupiter\junit-jupiter-api\5.8.2\4c21029217adf07e4c0d0c5e192b6bf610c94bdc\junit-jupiter-api-5.8.2.jar;C:\Users\AUC\.gradle\caches\modules-2\files-2.1\net.bytebuddy\byte-buddy\1.14.11\725602eb7c8c56b51b9c21f273f9df5c909d9e7d\byte-buddy-1.14.11.jar;C:\Users\AUC\.gradle\caches\modules-2\files-2.1\net.bytebuddy\byte-buddy-agent\1.14.11\f9cb566608fbac6bc7bf54901a7aa11543a989ee\byte-buddy-agent-1.14.11.jar;C:\Users\AUC\.gradle\caches\modules-2\files-2.1\com.google.errorprone\error_prone_annotations\2.20.0\bd4d8f4a02886a26b60c76048547a453691fcec3\error_prone_annotations-2.20.0.jar;C:\Users\AUC\.gradle\caches\modules-2\files-2.1\com.google.guava\failureaccess\1.0.1\1dcf1de382a0bf95a3d8b0849546c88bac1292c9\failureaccess-1.0.1.jar;C:\Users\AUC\.gradle\caches\modules-2\files-2.1\com.google.guava\listenablefuture\9999.0-empty-to-avoid-conflict-with-guava\b421526c5f297295adef1c886e5246c39d4ac629\listenablefuture-9999.0-empty-to-avoid-conflict-with-guava.jar;C:\Users\AUC\.gradle\caches\modules-2\files-2.1\org.checkerframework\checker-qual\3.33.0\de2b60b62da487644fc11f734e73c8b0b431238f\checker-qual-3.33.0.jar;C:\Users\AUC\.gradle\caches\modules-2\files-2.1\com.google.j2objc\j2objc-annotations\2.8\c85270e307e7b822f1086b93689124b89768e273\j2objc-annotations-2.8.jar;C:\Users\AUC\.gradle\caches\modules-2\files-2.1\org.apiguardian\apiguardian-api\1.1.2\a231e0d844d2721b0fa1b238006d15c6ded6842a\apiguardian-api-1.1.2.jar;C:\Users\AUC\.gradle\caches\modules-2\files-2.1\org.junit.platform\junit-platform-commons\1.8.2\32c8b8617c1342376fd5af2053da6410d8866861\junit-platform-commons-1.8.2.jar;C:\Users\AUC\.gradle\caches\modules-2\files-2.1\org.opentest4j\opentest4j\1.2.0\28c11eb91f9b6d8e200631d46e20a7f407f2a046\opentest4j-1.2.0.jar;C:\Users\AUC\.gradle\caches\modules-2\files-2.1\io.grpc\grpc-netty-shaded\1.59.1\f21e58260856ccef71f1ab9315bfa9fd195e848e\grpc-netty-shaded-1.59.1.jar;C:\Users\AUC\.gradle\caches\modules-2\files-2.1\com.google.protobuf\protobuf-java-util\3.24.0\3008d814776133a4312e4ba25eb9e28ea56990e8\protobuf-java-util-3.24.0.jar;C:\Users\AUC\.gradle\caches\modules-2\files-2.1\com.google.guava\guava\32.0.1-jre\6e5d51a72d142f2d40a57dfb897188b36a95b489\guava-32.0.1-jre.jar;C:\Users\AUC\.gradle\caches\modules-2\files-2.1\com.google.code.gson\gson\2.10.1\b3add478d4382b78ea20b1671390a858002feb6c\gson-2.10.1.jar;C:\Users\AUC\.gradle\caches\modules-2\files-2.1\io.perfmark\perfmark-api\0.26.0\ef65452adaf20bf7d12ef55913aba24037b82738\perfmark-api-0.26.0.jar;C:\Users\AUC\.gradle\caches\modules-2\files-2.1\org.junit.jupiter\junit-jupiter-engine\5.8.2\c598b4328d2f397194d11df3b1648d68d7d990e3\junit-jupiter-engine-5.8.2.jar;C:\Users\AUC\.gradle\caches\modules-2\files-2.1\org.objenesis\objenesis\3.3\1049c09f1de4331e8193e579448d0916d75b7631\objenesis-3.3.jar;C:\Users\AUC\.gradle\caches\modules-2\files-2.1\org.codehaus.mojo\animal-sniffer-annotations\1.23\3c0daebd5f0e1ce72cc50c818321ac957aeb5d70\animal-sniffer-annotations-1.23.jar;C:\Users\AUC\.gradle\caches\modules-2\files-2.1\io.grpc\grpc-context\1.59.1\ebbb99b123e4804e7a28aed0c00cdba1ad244b16\grpc-context-1.59.1.jar;C:\Users\AUC\.gradle\caches\modules-2\files-2.1\com.google.android\annotations\4.1.1.4\a1678ba907bf92691d879fef34e1a187038f9259\annotations-4.1.1.4.jar;C:\Users\AUC\.gradle\caches\modules-2\files-2.1\org.junit.platform\junit-platform-engine\1.8.2\b737de09f19864bd136805c84df7999a142fec29\junit-platform-engine-1.8.2.jar
Launcher Type: SUN_STANDARD

[Global flags]
     intx CICompilerCount                          = 4                                         {product} {ergonomic}
     uint ConcGCThreads                            = 2                                         {product} {ergonomic}
     uint G1ConcRefinementThreads                  = 8                                         {product} {ergonomic}
   size_t G1HeapRegionSize                         = 2097152                                   {product} {ergonomic}
   size_t InitialHeapSize                          = 264241152                                 {product} {ergonomic}
   size_t MarkStackSize                            = 4194304                                   {product} {ergonomic}
   size_t MaxHeapSize                              = 4223664128                                {product} {ergonomic}
   size_t MinHeapDeltaBytes                        = 2097152                                   {product} {ergonomic}
   size_t MinHeapSize                              = 8388608                                   {product} {ergonomic}
    uintx NonNMethodCodeHeapSize                   = 5839372                                {pd product} {ergonomic}
    uintx NonProfiledCodeHeapSize                  = 122909434                              {pd product} {ergonomic}
    uintx ProfiledCodeHeapSize                     = 122909434                              {pd product} {ergonomic}
    uintx ReservedCodeCacheSize                    = 251658240                              {pd product} {ergonomic}
     bool SegmentedCodeCache                       = true                                      {product} {ergonomic}
   size_t SoftMaxHeapSize                          = 4223664128                             {manageable} {ergonomic}
     bool UseCompressedOops                        = true                           {product lp64_product} {ergonomic}
     bool UseG1GC                                  = true                                      {product} {ergonomic}
     bool UseLargePagesIndividualAllocation        = false                                  {pd product} {ergonomic}

Logging:
Log output configuration:
 #0: stdout all=warning uptime,level,tags foldmultilines=false
 #1: stderr all=off uptime,level,tags foldmultilines=false

Environment Variables:
PATH=C:\Program Files\Common Files\Oracle\Java\javapath;C:\Program Files (x86)\Common Files\Oracle\Java\javapath;C:\WINDOWS\system32;C:\WINDOWS;C:\WINDOWS\System32\Wbem;C:\WINDOWS\System32\WindowsPowerShell\v1.0\;C:\WINDOWS\System32\OpenSSH\;C:\Program Files (x86)\NVIDIA Corporation\PhysX\Common;C:\Program Files\dotnet\;C:\Program Files\Git\cmd;C:\WINDOWS\system32;C:\WINDOWS;C:\WINDOWS\System32\Wbem;C:\WINDOWS\System32\WindowsPowerShell\v1.0\;C:\WINDOWS\System32\OpenSSH\;C:\Users\AUC\AppData\Local\Microsoft\WindowsApps;C:\Program Files\Git\bin\;C:\Program Files\Git\cmd\;C:\MinGW\bin;C:\Users\AUC\AppData\Local\Programs\Microsoft VS Code\bin;C:\Users\AUC\AppData\Local\GitHubDesktop\bin;
USERNAME=AUC
OS=Windows_NT
PROCESSOR_IDENTIFIER=Intel64 Family 6 Model 140 Stepping 1, GenuineIntel
TMP=C:\Users\AUC\AppData\Local\Temp
TEMP=C:\Users\AUC\AppData\Local\Temp




Periodic native trim disabled

---------------  S Y S T E M  ---------------

OS:
 Windows 11 , 64 bit Build 22621 (10.0.22621.3374)
OS uptime: 0 days 18:58 hours

CPU: total 8 (initial active 8) (4 cores per cpu, 2 threads per core) family 6 model 140 stepping 1 microcode 0xb4, cx8, cmov, fxsr, ht, mmx, 3dnowpref, sse, sse2, sse3, ssse3, sse4.1, sse4.2, popcnt, lzcnt, tsc, tscinvbit, avx, avx2, aes, erms, clmul, bmi1, bmi2, adx, avx512f, avx512dq, avx512cd, avx512bw, avx512vl, sha, fma, vzeroupper, avx512_vpopcntdq, avx512_vpclmulqdq, avx512_vaes, avx512_vnni, clflush, clflushopt, clwb, avx512_vbmi2, avx512_vbmi, rdtscp, rdpid, fsrm, gfni, avx512_bitalg, f16c, pku, cet_ibt, cet_ss, avx512_ifma
Processor Information for all 8 processors :
  Max Mhz: 1805, Current Mhz: 1805, Mhz Limit: 1805

Memory: 4k page, system-wide physical 16110M (4258M free)
TotalPageFile size 16110M (AvailPageFile size 193M)
current process WorkingSet (physical memory assigned to process): 12M, peak: 12M
current process commit charge ("private bytes"): 61M, peak: 312M

vm_info: OpenJDK 64-Bit Server VM (22.0.1+8-16) for windows-amd64 JRE (22.0.1+8-16), built on 2024-03-12T10:33:16Z by "mach5one" with MS VC++ 17.6 (VS2022)

END.
